mode: set
portfolio/internal/config/database.go:10.54,11.27 1 1
portfolio/internal/config/database.go:11.27,13.3 1 1
portfolio/internal/config/database.go:15.2,16.16 2 0
portfolio/internal/config/database.go:16.16,18.3 1 0
portfolio/internal/config/database.go:20.2,20.56 1 0
portfolio/internal/config/database.go:20.56,22.3 1 0
portfolio/internal/config/database.go:24.2,24.18 1 0
portfolio/internal/config/env.go:12.27,19.2 1 1
portfolio/internal/config/env.go:21.46,22.42 1 1
portfolio/internal/config/env.go:22.42,24.3 1 1
portfolio/internal/config/env.go:25.2,25.21 1 1
portfolio/internal/handler/http/admin.go:26.218,28.2 1 1
portfolio/internal/handler/http/admin.go:30.74,37.16 6 1
portfolio/internal/handler/http/admin.go:37.16,41.3 3 0
portfolio/internal/handler/http/admin.go:43.2,51.64 2 1
portfolio/internal/handler/http/admin.go:51.64,55.3 3 0
portfolio/internal/handler/http/admin.go:59.76,60.38 1 1
portfolio/internal/handler/http/admin.go:60.38,63.3 2 0
portfolio/internal/handler/http/admin.go:64.2,70.44 5 1
portfolio/internal/handler/http/admin.go:70.44,73.3 2 1
portfolio/internal/handler/http/admin.go:75.2,76.71 2 1
portfolio/internal/handler/http/admin.go:76.71,80.3 3 0
portfolio/internal/handler/http/admin.go:82.2,82.52 1 1
portfolio/internal/handler/http/admin.go:86.81,87.38 1 1
portfolio/internal/handler/http/admin.go:87.38,90.3 2 0
portfolio/internal/handler/http/admin.go:91.2,99.16 8 1
portfolio/internal/handler/http/admin.go:99.16,102.3 2 1
portfolio/internal/handler/http/admin.go:103.2,104.15 2 1
portfolio/internal/handler/http/admin.go:104.15,106.17 2 0
portfolio/internal/handler/http/admin.go:106.17,108.4 1 0
portfolio/internal/handler/http/admin.go:111.2,111.37 1 1
portfolio/internal/handler/http/admin.go:111.37,114.3 2 0
portfolio/internal/handler/http/admin.go:116.2,117.79 2 1
portfolio/internal/handler/http/admin.go:117.79,121.3 3 0
portfolio/internal/handler/http/admin.go:122.2,122.52 1 1
portfolio/internal/handler/http/admin.go:126.87,128.33 1 1
portfolio/internal/handler/http/admin.go:128.33,131.3 2 0
portfolio/internal/handler/http/admin.go:132.2,132.38 1 1
portfolio/internal/handler/http/admin.go:132.38,135.3 2 0
portfolio/internal/handler/http/admin.go:136.2,146.51 2 1
portfolio/internal/handler/http/admin.go:146.51,149.38 2 1
portfolio/internal/handler/http/admin.go:149.38,150.15 1 1
portfolio/internal/handler/http/admin.go:150.15,152.5 1 1
portfolio/internal/handler/http/admin.go:154.3,154.22 1 1
portfolio/internal/handler/http/admin.go:157.2,158.16 2 1
portfolio/internal/handler/http/admin.go:158.16,162.3 3 0
portfolio/internal/handler/http/admin.go:163.2,163.52 1 1
portfolio/internal/handler/http/admin.go:167.79,173.61 2 1
portfolio/internal/handler/http/admin.go:173.61,176.3 2 0
portfolio/internal/handler/http/admin.go:177.2,178.71 2 1
portfolio/internal/handler/http/admin.go:178.71,182.3 3 0
portfolio/internal/handler/http/admin.go:183.2,183.35 1 1
portfolio/internal/handler/http/admin.go:186.38,188.42 2 1
portfolio/internal/handler/http/admin.go:188.42,190.3 1 1
portfolio/internal/handler/http/admin.go:191.2,191.12 1 1
portfolio/internal/handler/http/contact_handler.go:19.100,24.2 1 1
portfolio/internal/handler/http/contact_handler.go:26.82,28.16 2 1
portfolio/internal/handler/http/contact_handler.go:28.16,32.3 3 0
portfolio/internal/handler/http/contact_handler.go:34.2,38.64 2 1
portfolio/internal/handler/http/contact_handler.go:38.64,42.3 3 0
portfolio/internal/handler/http/contact_handler.go:45.80,47.61 2 1
portfolio/internal/handler/http/contact_handler.go:47.61,50.3 2 0
portfolio/internal/handler/http/contact_handler.go:53.2,53.50 1 1
portfolio/internal/handler/http/contact_handler.go:53.50,56.3 2 1
portfolio/internal/handler/http/contact_handler.go:58.2,59.16 2 1
portfolio/internal/handler/http/contact_handler.go:59.16,63.3 3 0
portfolio/internal/handler/http/contact_handler.go:65.2,67.36 3 1
portfolio/internal/handler/http/health_handler.go:10.40,12.2 1 1
portfolio/internal/handler/http/health_handler.go:14.72,19.2 2 1
portfolio/internal/handler/http/home_handler.go:17.128,23.2 1 1
portfolio/internal/handler/http/home_handler.go:25.68,28.16 2 1
portfolio/internal/handler/http/home_handler.go:28.16,32.3 3 0
portfolio/internal/handler/http/home_handler.go:35.2,36.16 2 1
portfolio/internal/handler/http/home_handler.go:36.16,40.3 3 0
portfolio/internal/handler/http/home_handler.go:42.2,48.64 2 1
portfolio/internal/handler/http/home_handler.go:48.64,52.3 3 0
portfolio/internal/handler/http/project_handler.go:20.100,25.2 1 1
portfolio/internal/handler/http/project_handler.go:27.79,29.83 1 1
portfolio/internal/handler/http/project_handler.go:29.83,32.3 2 1
portfolio/internal/handler/http/project_handler.go:35.2,36.16 2 1
portfolio/internal/handler/http/project_handler.go:36.16,40.3 3 0
portfolio/internal/handler/http/project_handler.go:42.2,43.16 2 1
portfolio/internal/handler/http/project_handler.go:43.16,47.3 3 0
portfolio/internal/handler/http/project_handler.go:49.2,54.64 2 1
portfolio/internal/handler/http/project_handler.go:54.64,58.3 3 0
portfolio/internal/handler/http/project_handler.go:61.82,63.16 2 1
portfolio/internal/handler/http/project_handler.go:63.16,67.3 3 0
portfolio/internal/handler/http/project_handler.go:69.2,70.37 2 1
portfolio/internal/handler/http/project_handler.go:73.77,77.16 3 1
portfolio/internal/handler/http/project_handler.go:77.16,81.3 3 1
portfolio/internal/handler/http/project_handler.go:83.2,84.36 2 1
portfolio/internal/handler/http/project_handler.go:87.80,89.61 2 1
portfolio/internal/handler/http/project_handler.go:89.61,92.3 2 0
portfolio/internal/handler/http/project_handler.go:95.2,95.50 1 1
portfolio/internal/handler/http/project_handler.go:95.50,98.3 2 1
portfolio/internal/handler/http/project_handler.go:100.2,101.16 2 1
portfolio/internal/handler/http/project_handler.go:101.16,105.3 3 0
portfolio/internal/handler/http/project_handler.go:107.2,109.36 3 1
portfolio/internal/router/router.go:15.63,70.37 30 1
portfolio/internal/router/router.go:70.37,71.43 1 1
portfolio/internal/router/router.go:71.43,75.4 3 1
portfolio/internal/router/router.go:77.3,77.42 1 1
portfolio/internal/router/router.go:77.42,79.4 1 1
portfolio/internal/router/router.go:82.2,82.10 1 1
portfolio/internal/service/contact_service.go:14.75,16.2 1 1
portfolio/internal/service/contact_service.go:18.122,26.52 2 1
portfolio/internal/service/contact_service.go:26.52,28.3 1 0
portfolio/internal/service/contact_service.go:30.2,30.35 1 1
portfolio/internal/service/contact_service.go:33.94,35.16 2 1
portfolio/internal/service/contact_service.go:35.16,37.3 1 0
portfolio/internal/service/contact_service.go:39.2,40.35 2 1
portfolio/internal/service/contact_service.go:40.35,42.3 1 1
portfolio/internal/service/contact_service.go:43.2,43.23 1 1
portfolio/internal/service/contact_service.go:46.82,56.2 1 1
portfolio/internal/service/experience_service.go:13.84,15.2 1 1
portfolio/internal/service/experience_service.go:17.96,19.2 1 1
portfolio/internal/service/experience_service.go:21.97,23.2 1 1
portfolio/internal/service/project_service.go:14.75,16.2 1 1
portfolio/internal/service/project_service.go:18.122,20.24 2 1
portfolio/internal/service/project_service.go:20.24,23.3 2 1
portfolio/internal/service/project_service.go:24.2,25.23 2 1
portfolio/internal/service/project_service.go:25.23,28.3 2 1
portfolio/internal/service/project_service.go:29.2,30.25 2 1
portfolio/internal/service/project_service.go:30.25,33.3 2 1
portfolio/internal/service/project_service.go:35.2,45.52 2 1
portfolio/internal/service/project_service.go:45.52,47.3 1 0
portfolio/internal/service/project_service.go:49.2,49.35 1 1
portfolio/internal/service/project_service.go:52.103,54.16 2 1
portfolio/internal/service/project_service.go:54.16,56.3 1 0
portfolio/internal/service/project_service.go:57.2,57.35 1 1
portfolio/internal/service/project_service.go:60.94,62.16 2 1
portfolio/internal/service/project_service.go:62.16,64.3 1 0
portfolio/internal/service/project_service.go:66.2,67.35 2 1
portfolio/internal/service/project_service.go:67.35,69.3 1 1
portfolio/internal/service/project_service.go:70.2,70.23 1 1
portfolio/internal/service/project_service.go:73.99,75.16 2 1
portfolio/internal/service/project_service.go:75.16,77.3 1 0
portfolio/internal/service/project_service.go:79.2,80.35 2 1
portfolio/internal/service/project_service.go:80.35,82.3 1 1
portfolio/internal/service/project_service.go:83.2,83.23 1 1
portfolio/internal/service/project_service.go:86.82,88.29 2 1
portfolio/internal/service/project_service.go:88.29,90.3 1 1
portfolio/internal/service/project_service.go:91.2,92.28 2 1
portfolio/internal/service/project_service.go:92.28,94.3 1 1
portfolio/internal/service/project_service.go:95.2,96.30 2 1
portfolio/internal/service/project_service.go:96.30,98.3 1 1
portfolio/internal/service/project_service.go:100.2,111.3 1 1
portfolio/internal/service/skill_service.go:13.69,15.2 1 1
portfolio/internal/service/skill_service.go:17.83,19.2 1 1
portfolio/internal/service/skill_service.go:21.82,23.2 1 1
portfolio/internal/service/user_service.go:13.66,15.2 1 1
portfolio/internal/service/user_service.go:17.76,19.2 1 1
portfolio/internal/util/logger.go:7.30,10.2 2 1
portfolio/internal/util/response.go:15.69,19.2 3 1
portfolio/internal/util/response.go:21.68,26.2 1 1
portfolio/internal/util/response.go:28.88,34.2 1 1
portfolio/internal/util/validator.go:9.13,11.2 1 1
portfolio/internal/util/validator.go:13.42,15.2 1 1
portfolio/cmd/server/main.go:20.13,22.40 1 0
portfolio/cmd/server/main.go:22.40,24.3 1 0
portfolio/cmd/server/main.go:27.2,38.16 6 0
portfolio/cmd/server/main.go:38.16,40.3 1 0
portfolio/cmd/server/main.go:41.2,56.12 4 0
portfolio/cmd/server/main.go:56.12,58.77 2 0
portfolio/cmd/server/main.go:58.77,60.4 1 0
portfolio/cmd/server/main.go:64.2,73.42 7 0
portfolio/cmd/server/main.go:73.42,75.3 1 0
portfolio/cmd/server/main.go:77.2,77.30 1 0
portfolio/internal/repository/postgres/contact_repo_pg.go:14.66,16.2 1 1
portfolio/internal/repository/postgres/contact_repo_pg.go:18.89,31.2 2 1
portfolio/internal/repository/postgres/contact_repo_pg.go:33.95,49.2 4 0
portfolio/internal/repository/postgres/contact_repo_pg.go:51.85,57.16 3 0
portfolio/internal/repository/postgres/contact_repo_pg.go:57.16,59.3 1 0
portfolio/internal/repository/postgres/contact_repo_pg.go:60.2,63.18 3 0
portfolio/internal/repository/postgres/contact_repo_pg.go:63.18,74.17 3 0
portfolio/internal/repository/postgres/contact_repo_pg.go:74.17,76.4 1 0
portfolio/internal/repository/postgres/contact_repo_pg.go:77.3,77.39 1 0
portfolio/internal/repository/postgres/contact_repo_pg.go:80.2,80.22 1 0
portfolio/internal/repository/postgres/contact_repo_pg.go:83.97,88.2 4 0
portfolio/internal/repository/postgres/contact_repo_pg.go:90.76,94.2 3 0
portfolio/internal/repository/postgres/experience_repo_pg.go:14.72,16.2 1 1
portfolio/internal/repository/postgres/experience_repo_pg.go:18.91,21.2 2 0
portfolio/internal/repository/postgres/experience_repo_pg.go:23.91,26.16 3 0
portfolio/internal/repository/postgres/experience_repo_pg.go:26.16,28.3 1 0
portfolio/internal/repository/postgres/experience_repo_pg.go:29.2,32.18 3 0
portfolio/internal/repository/postgres/experience_repo_pg.go:32.18,34.137 2 0
portfolio/internal/repository/postgres/experience_repo_pg.go:34.137,36.4 1 0
portfolio/internal/repository/postgres/experience_repo_pg.go:37.3,37.25 1 0
portfolio/internal/repository/postgres/experience_repo_pg.go:39.2,39.18 1 0
portfolio/internal/repository/postgres/project_repo_pg.go:14.66,16.2 1 1
portfolio/internal/repository/postgres/project_repo_pg.go:18.89,33.2 2 1
portfolio/internal/repository/postgres/project_repo_pg.go:35.95,62.2 10 1
portfolio/internal/repository/postgres/project_repo_pg.go:64.85,70.16 3 1
portfolio/internal/repository/postgres/project_repo_pg.go:70.16,72.3 1 0
portfolio/internal/repository/postgres/project_repo_pg.go:73.2,76.18 3 0
portfolio/internal/repository/postgres/project_repo_pg.go:76.18,97.17 9 0
portfolio/internal/repository/postgres/project_repo_pg.go:97.17,99.4 1 0
portfolio/internal/repository/postgres/project_repo_pg.go:100.3,100.39 1 0
portfolio/internal/repository/postgres/project_repo_pg.go:103.2,103.22 1 0
portfolio/internal/repository/postgres/project_repo_pg.go:106.90,112.16 3 0
portfolio/internal/repository/postgres/project_repo_pg.go:112.16,114.3 1 0
portfolio/internal/repository/postgres/project_repo_pg.go:115.2,118.18 3 0
portfolio/internal/repository/postgres/project_repo_pg.go:118.18,139.17 9 0
portfolio/internal/repository/postgres/project_repo_pg.go:139.17,141.4 1 0
portfolio/internal/repository/postgres/project_repo_pg.go:142.3,142.39 1 0
portfolio/internal/repository/postgres/project_repo_pg.go:145.2,145.22 1 0
portfolio/internal/repository/postgres/project_repo_pg.go:148.89,166.2 3 0
portfolio/internal/repository/postgres/project_repo_pg.go:168.76,172.2 3 0
portfolio/internal/repository/postgres/skill_repo_pg.go:14.62,16.2 1 1
portfolio/internal/repository/postgres/skill_repo_pg.go:18.83,21.2 2 1
portfolio/internal/repository/postgres/skill_repo_pg.go:23.81,26.16 3 0
portfolio/internal/repository/postgres/skill_repo_pg.go:26.16,28.3 1 0
portfolio/internal/repository/postgres/skill_repo_pg.go:29.2,32.18 3 0
portfolio/internal/repository/postgres/skill_repo_pg.go:32.18,34.88 2 0
portfolio/internal/repository/postgres/skill_repo_pg.go:34.88,36.4 1 0
portfolio/internal/repository/postgres/skill_repo_pg.go:37.3,37.29 1 0
portfolio/internal/repository/postgres/skill_repo_pg.go:39.2,39.20 1 0
portfolio/internal/repository/postgres/user_repo_pg.go:14.60,16.2 1 1
portfolio/internal/repository/postgres/user_repo_pg.go:18.89,37.2 4 0
portfolio/internal/repository/postgres/user_repo_pg.go:39.81,58.2 4 1
portfolio/internal/repository/postgres/user_repo_pg.go:60.80,78.2 3 0
portfolio/tools/template_check.go:14.13,29.16 7 0
portfolio/tools/template_check.go:29.16,32.3 2 0
portfolio/tools/template_check.go:34.2,35.67 2 0
portfolio/tools/template_check.go:35.67,38.3 2 0
portfolio/tools/template_check.go:40.2,40.56 1 0
